Build started 4/17/2019 10:12:16 PM.
     1>Project "C:\Users\Welcome\Desktop\DATA\BAI TAP\Deadline @_@\UpData_GameSnake\Snake\game\game.vcxproj" on node 2 (Build target(s)).
     1>ClCompile:
         C:\Program Files (x86)\Microsoft Visual Studio 11.0\VC\bin\CL.exe /c /ZI /nologo /W3 /WX- /Od /Oy- /D WIN32 /D _DEBUG /D _CONSOLE /D _UNICODE /D UNICODE /Gm /EHsc /RTC1 /MDd /GS /fp:precise /Zc:wchar_t /Zc:forScope /Fo"Debug\\" /Fd"Debug\vc110.pdb" /Gd /TP /analyze- /errorReport:prompt "..\..\..\..\Deadline @_@\UpData_GameSnake\Snake\game\main.cpp"
         main.cpp
     1>c:\users\welcome\desktop\data\bai tap\deadline @_@\updata_gamesnake\snake\game\main.cpp(33): warning C4018: '<' : signed/unsigned mismatch
     1>c:\users\welcome\desktop\data\bai tap\deadline @_@\updata_gamesnake\snake\game\main.cpp(56): warning C4390: ';' : empty controlled statement found; is this the intent?
     1>c:\users\welcome\desktop\data\bai tap\deadline @_@\updata_gamesnake\snake\game\main.cpp(67): warning C4996: 'getch': The POSIX name for this item is deprecated. Instead, use the ISO C++ conformant name: _getch. See online help for details.
                 c:\program files (x86)\microsoft visual studio 11.0\vc\include\conio.h(131) : see declaration of 'getch'
     1>c:\users\welcome\desktop\data\bai tap\deadline @_@\updata_gamesnake\snake\game\main.cpp(85): warning C4258: 'i' : definition from the for loop is ignored; the definition from the enclosing scope is used
                 c:\users\welcome\desktop\data\bai tap\deadline @_@\updata_gamesnake\snake\game\main.cpp(79) : definition of 'i' ignored
                 c:\users\welcome\desktop\data\bai tap\deadline @_@\updata_gamesnake\snake\game\main.cpp(76) : definition of 'i' used
     1>c:\users\welcome\desktop\data\bai tap\deadline @_@\updata_gamesnake\snake\game\main.cpp(94): warning C4258: 'i' : definition from the for loop is ignored; the definition from the enclosing scope is used
                 c:\users\welcome\desktop\data\bai tap\deadline @_@\updata_gamesnake\snake\game\main.cpp(79) : definition of 'i' ignored
                 c:\users\welcome\desktop\data\bai tap\deadline @_@\updata_gamesnake\snake\game\main.cpp(76) : definition of 'i' used
     1>c:\users\welcome\desktop\data\bai tap\deadline @_@\updata_gamesnake\snake\game\main.cpp(113): warning C4996: 'getch': The POSIX name for this item is deprecated. Instead, use the ISO C++ conformant name: _getch. See online help for details.
                 c:\program files (x86)\microsoft visual studio 11.0\vc\include\conio.h(131) : see declaration of 'getch'
     1>c:\users\welcome\desktop\data\bai tap\deadline @_@\updata_gamesnake\snake\game\main.cpp(71): warning C4101: 'key' : unreferenced local variable
     1>c:\users\welcome\desktop\data\bai tap\deadline @_@\updata_gamesnake\snake\game\main.cpp(117): warning C4996: 'getch': The POSIX name for this item is deprecated. Instead, use the ISO C++ conformant name: _getch. See online help for details.
                 c:\program files (x86)\microsoft visual studio 11.0\vc\include\conio.h(131) : see declaration of 'getch'
     1>c:\users\welcome\desktop\data\bai tap\deadline @_@\updata_gamesnake\snake\game\main.cpp(266): warning C4996: 'getch': The POSIX name for this item is deprecated. Instead, use the ISO C++ conformant name: _getch. See online help for details.
                 c:\program files (x86)\microsoft visual studio 11.0\vc\include\conio.h(131) : see declaration of 'getch'
     1>c:\users\welcome\desktop\data\bai tap\deadline @_@\updata_gamesnake\snake\game\main.cpp(279): warning C4996: 'getch': The POSIX name for this item is deprecated. Instead, use the ISO C++ conformant name: _getch. See online help for details.
                 c:\program files (x86)\microsoft visual studio 11.0\vc\include\conio.h(131) : see declaration of 'getch'
     1>c:\users\welcome\desktop\data\bai tap\deadline @_@\updata_gamesnake\snake\game\main.cpp(332): warning C4996: 'getch': The POSIX name for this item is deprecated. Instead, use the ISO C++ conformant name: _getch. See online help for details.
                 c:\program files (x86)\microsoft visual studio 11.0\vc\include\conio.h(131) : see declaration of 'getch'
     1>c:\users\welcome\desktop\data\bai tap\deadline @_@\updata_gamesnake\snake\game\main.cpp(363): warning C4996: 'getch': The POSIX name for this item is deprecated. Instead, use the ISO C++ conformant name: _getch. See online help for details.
                 c:\program files (x86)\microsoft visual studio 11.0\vc\include\conio.h(131) : see declaration of 'getch'
       Link:
         C:\Program Files (x86)\Microsoft Visual Studio 11.0\VC\bin\link.exe /ERRORREPORT:PROMPT /OUT:"C:\Users\Welcome\Desktop\DATA\BAI TAP\Deadline @_@\UpData_GameSnake\Snake\Debug\game.exe" /INCREMENTAL /NOLOGO kernel32.lib user32.lib gdi32.lib winspool.lib comdlg32.lib advapi32.lib shell32.lib ole32.lib oleaut32.lib uuid.lib odbc32.lib odbccp32.lib /MANIFEST /MANIFESTUAC:"level='asInvoker' uiAccess='false'" /manifest:embed /DEBUG /PDB:"C:\Users\Welcome\Desktop\DATA\BAI TAP\Deadline @_@\UpData_GameSnake\Snake\Debug\game.pdb" /SUBSYSTEM:CONSOLE /TLBID:1 /DYNAMICBASE /NXCOMPAT /IMPLIB:"C:\Users\Welcome\Desktop\DATA\BAI TAP\Deadline @_@\UpData_GameSnake\Snake\Debug\game.lib" /MACHINE:X86 Debug\main.obj
         game.vcxproj -> C:\Users\Welcome\Desktop\DATA\BAI TAP\Deadline @_@\UpData_GameSnake\Snake\Debug\game.exe
     1>Done Building Project "C:\Users\Welcome\Desktop\DATA\BAI TAP\Deadline @_@\UpData_GameSnake\Snake\game\game.vcxproj" (Build target(s)).

Build succeeded.

Time Elapsed 00:00:02.25
